[2010-12-09/14:30:12] base | Ein Konfigurationseintrag mit dem Schlüssel "Log.File" existiert nicht!
[2010-12-09/14:30:13] base | Ein Konfigurationseintrag mit dem Schlüssel "Log.File" existiert nicht!
[2010-12-09/14:35:55] base | Ein Konfigurationseintrag mit dem Schlüssel "Log.File" existiert nicht!
[2010-12-09/14:35:57] base | Ein Konfigurationseintrag mit dem Schlüssel "Log.File" existiert nicht!
[2010-12-09/14:35:58] base | Ein Konfigurationseintrag mit dem Schlüssel "Log.File" existiert nicht!
[2010-12-09/14:35:58] base | Ein Konfigurationseintrag mit dem Schlüssel "Log.File" existiert nicht!
[2010-12-09/14:38:03] base | Ein Konfigurationseintrag mit dem Schlüssel "Log.File" existiert nicht!
[2010-12-09/14:38:04] base | Ein Konfigurationseintrag mit dem Schlüssel "Log.File" existiert nicht!
[2010-12-09/14:38:07] base | Ein Konfigurationseintrag mit dem Schlüssel "Log.File" existiert nicht!
[2010-12-09/14:38:08] base | Ein Konfigurationseintrag mit dem Schlüssel "Log.File" existiert nicht!
[2010-12-09/14:38:10] base | Ein Konfigurationseintrag mit dem Schlüssel "Log.File" existiert nicht!
[2010-12-09/14:38:12] base | Ein Konfigurationseintrag mit dem Schlüssel "Log.File" existiert nicht!
[2010-12-09/14:38:13] base | Ein Konfigurationseintrag mit dem Schlüssel "Log.File" existiert nicht!
[2010-12-09/14:38:13] base | Ein Konfigurationseintrag mit dem Schlüssel "Log.File" existiert nicht!
[2010-12-09/14:38:14] base | Ein Konfigurationseintrag mit dem Schlüssel "Log.File" existiert nicht!
[2010-12-09/14:38:15] base | Ein Konfigurationseintrag mit dem Schlüssel "Log.File" existiert nicht!
[2010-12-09/14:38:16] base | Ein Konfigurationseintrag mit dem Schlüssel "Log.File" existiert nicht!
[2010-12-09/14:38:18] base | Ein Konfigurationseintrag mit dem Schlüssel "Log.File" existiert nicht!
[2010-12-09/14:38:18] base | Ein Konfigurationseintrag mit dem Schlüssel "Log.File" existiert nicht!
[2010-12-09/14:38:19] base | Ein Konfigurationseintrag mit dem Schlüssel "Log.File" existiert nicht!
[2010-12-09/14:38:21] base | Ein Konfigurationseintrag mit dem Schlüssel "Log.File" existiert nicht!
[2010-12-09/14:38:22] base | Ein Konfigurationseintrag mit dem Schlüssel "Log.File" existiert nicht!
[2010-12-09/14:38:22] base | Ein Konfigurationseintrag mit dem Schlüssel "Log.File" existiert nicht!
[2010-12-09/14:38:23] base | Ein Konfigurationseintrag mit dem Schlüssel "Log.File" existiert nicht!
[2010-12-09/14:38:23] base | Ein Konfigurationseintrag mit dem Schlüssel "Log.File" existiert nicht!
[2010-12-09/14:38:24] base | Ein Konfigurationseintrag mit dem Schlüssel "Log.File" existiert nicht!
[2010-12-09/14:38:25] base | Ein Konfigurationseintrag mit dem Schlüssel "Log.File" existiert nicht!
[2010-12-09/14:38:26] base | Ein Konfigurationseintrag mit dem Schlüssel "Log.File" existiert nicht!
[2010-12-09/14:38:27] base | Ein Konfigurationseintrag mit dem Schlüssel "Log.File" existiert nicht!
[2010-12-09/14:38:28] base | Ein Konfigurationseintrag mit dem Schlüssel "Log.File" existiert nicht!
[2010-12-09/14:38:40] base | Ein Konfigurationseintrag mit dem Schlüssel "Log.File" existiert nicht!
[2010-12-09/14:38:42] base | Ein Konfigurationseintrag mit dem Schlüssel "Log.File" existiert nicht!
[2010-12-09/14:42:45] base | Ein Konfigurationseintrag mit dem Schlüssel "Log.File" existiert nicht!
[2010-12-09/14:43:12] base | Ein Konfigurationseintrag mit dem Schlüssel "Log.File" existiert nicht!
[2010-12-09/14:44:09] base | Ein Konfigurationseintrag mit dem Schlüssel "Log.File" existiert nicht!
[2010-12-09/14:46:28] base | Ein Konfigurationseintrag mit dem Schlüssel "Log.File" existiert nicht!
[2010-12-09/14:46:29] base | Ein Konfigurationseintrag mit dem Schlüssel "Log.File" existiert nicht!
[2010-12-09/14:46:29] base | Ein Konfigurationseintrag mit dem Schlüssel "Log.File" existiert nicht!
[2010-12-09/14:46:29] base | Ein Konfigurationseintrag mit dem Schlüssel "Log.File" existiert nicht!
[2010-12-09/14:46:30] base | Ein Konfigurationseintrag mit dem Schlüssel "Log.File" existiert nicht!
[2010-12-09/14:46:30] base | Ein Konfigurationseintrag mit dem Schlüssel "Log.File" existiert nicht!
[2010-12-09/14:46:42] base | Ein Konfigurationseintrag mit dem Schlüssel "Log.File" existiert nicht!
[2010-12-09/14:46:52] base | Ein Konfigurationseintrag mit dem Schlüssel "Log.File" existiert nicht!
[2010-12-09/14:47:06] base | Ein Konfigurationseintrag mit dem Schlüssel "Log.File" existiert nicht!
[2010-12-09/14:47:14] base | Ein Konfigurationseintrag mit dem Schlüssel "Log.File" existiert nicht!
[2010-12-09/14:53:29] base | Ein Konfigurationseintrag mit dem Schlüssel "Log.File" existiert nicht!
[2010-12-09/14:53:32] base | Ein Konfigurationseintrag mit dem Schlüssel "Log.File" existiert nicht!
[2010-12-09/14:53:32] base | Ein Konfigurationseintrag mit dem Schlüssel "Log.File" existiert nicht!
[2010-12-09/14:53:33] base | Ein Konfigurationseintrag mit dem Schlüssel "Log.File" existiert nicht!
[2010-12-09/14:53:43] base | Ein Konfigurationseintrag mit dem Schlüssel "Log.File" existiert nicht!
[2010-12-09/14:53:46] base | Ein Konfigurationseintrag mit dem Schlüssel "Log.File" existiert nicht!
[2010-12-09/14:53:46] base | Ein Konfigurationseintrag mit dem Schlüssel "Log.File" existiert nicht!
[2010-12-09/14:53:47] base | Ein Konfigurationseintrag mit dem Schlüssel "Log.File" existiert nicht!
[2010-12-09/14:53:47] base | Ein Konfigurationseintrag mit dem Schlüssel "Log.File" existiert nicht!
[2010-12-09/14:54:14] base | Ein Konfigurationseintrag mit dem Schlüssel "Log.File" existiert nicht!
[2010-12-09/14:54:46] base | Ein Konfigurationseintrag mit dem Schlüssel "Log.File" existiert nicht!
[2010-12-09/14:54:50] base | Ein Konfigurationseintrag mit dem Schlüssel "Log.File" existiert nicht!
[2010-12-09/14:55:07] base | Ein Konfigurationseintrag mit dem Schlüssel "Log.File" existiert nicht!
[2010-12-09/14:56:20] base | Ein Konfigurationseintrag mit dem Schlüssel "Log.File" existiert nicht!
[2010-12-09/14:57:14] base | Ein Konfigurationseintrag mit dem Schlüssel "Log.File" existiert nicht!
[2010-12-09/14:57:49] base | Ein Konfigurationseintrag mit dem Schlüssel "Log.File" existiert nicht!
[2010-12-09/14:57:58] base | Ein Konfigurationseintrag mit dem Schlüssel "Log.File" existiert nicht!
[2010-12-09/14:59:10] base | Ein Konfigurationseintrag mit dem Schlüssel "Log.File" existiert nicht!
[2010-12-09/14:59:16] base | Ein Konfigurationseintrag mit dem Schlüssel "Log.File" existiert nicht!
[2010-12-09/15:01:19] base | Ein Konfigurationseintrag mit dem Schlüssel "Log.File" existiert nicht!
[2010-12-09/15:03:18] base | Ein Konfigurationseintrag mit dem Schlüssel "Log.File" existiert nicht!
[2010-12-09/15:03:46] base | Ein Konfigurationseintrag mit dem Schlüssel "Log.File" existiert nicht!
[2010-12-09/15:03:49] base | Ein Konfigurationseintrag mit dem Schlüssel "Log.File" existiert nicht!
[2010-12-09/15:03:50] base | Ein Konfigurationseintrag mit dem Schlüssel "Log.File" existiert nicht!
[2010-12-09/15:09:07] base | Ein Konfigurationseintrag mit dem Schlüssel "Log.File" existiert nicht!
[2010-12-09/15:09:07] mysql | SELECT
                          Id,
Name,
Description
                      FROM
                          project
                      WHERE
                          Id = ?
[2010-12-09/15:09:41] base | Ein Konfigurationseintrag mit dem Schlüssel "Log.File" existiert nicht!
[2010-12-09/15:11:16] base | Ein Konfigurationseintrag mit dem Schlüssel "Log.File" existiert nicht!
[2010-12-09/15:11:19] base | Ein Konfigurationseintrag mit dem Schlüssel "Log.File" existiert nicht!
[2010-12-09/15:11:20] base | Ein Konfigurationseintrag mit dem Schlüssel "Log.File" existiert nicht!
[2010-12-09/15:17:40] base | Ein Konfigurationseintrag mit dem Schlüssel "Log.File" existiert nicht!
[2010-12-09/15:19:15] base | Ein Konfigurationseintrag mit dem Schlüssel "Log.File" existiert nicht!
[2010-12-09/15:22:43] base | Ein Konfigurationseintrag mit dem Schlüssel "Log.File" existiert nicht!
[2010-12-09/15:23:51] base | Ein Konfigurationseintrag mit dem Schlüssel "Log.File" existiert nicht!
[2010-12-09/15:32:31] base | Ein Konfigurationseintrag mit dem Schlüssel "Log.File" existiert nicht!
[2010-12-09/15:39:17] base | Ein Konfigurationseintrag mit dem Schlüssel "Log.File" existiert nicht!
[2010-12-09/15:39:53] base | Ein Konfigurationseintrag mit dem Schlüssel "Log.File" existiert nicht!
[2010-12-09/15:39:58] base | Ein Konfigurationseintrag mit dem Schlüssel "Log.File" existiert nicht!
[2010-12-09/15:40:00] base | Ein Konfigurationseintrag mit dem Schlüssel "Log.File" existiert nicht!
[2010-12-09/15:40:03] base | Ein Konfigurationseintrag mit dem Schlüssel "Log.File" existiert nicht!
[2010-12-09/15:40:05] base | Ein Konfigurationseintrag mit dem Schlüssel "Log.File" existiert nicht!
[2010-12-09/15:40:16] base | Ein Konfigurationseintrag mit dem Schlüssel "Log.File" existiert nicht!
[2010-12-09/15:40:17] base | Ein Konfigurationseintrag mit dem Schlüssel "Log.File" existiert nicht!
[2010-12-09/15:40:18] base | Ein Konfigurationseintrag mit dem Schlüssel "Log.File" existiert nicht!
[2010-12-09/15:40:19] base | Ein Konfigurationseintrag mit dem Schlüssel "Log.File" existiert nicht!
[2010-12-09/15:41:40] base | Ein Konfigurationseintrag mit dem Schlüssel "Log.File" existiert nicht!
[2010-12-09/15:41:42] base | Ein Konfigurationseintrag mit dem Schlüssel "Log.File" existiert nicht!
[2010-12-09/15:41:44] base | Ein Konfigurationseintrag mit dem Schlüssel "Log.File" existiert nicht!
[2010-12-09/15:41:46] base | Ein Konfigurationseintrag mit dem Schlüssel "Log.File" existiert nicht!
[2010-12-09/15:41:51] base | Ein Konfigurationseintrag mit dem Schlüssel "Log.File" existiert nicht!
[2010-12-09/15:41:55] base | Ein Konfigurationseintrag mit dem Schlüssel "Log.File" existiert nicht!
[2010-12-09/15:41:57] base | Ein Konfigurationseintrag mit dem Schlüssel "Log.File" existiert nicht!
[2010-12-09/15:42:20] base | Ein Konfigurationseintrag mit dem Schlüssel "Log.File" existiert nicht!
[2010-12-09/15:42:32] base | Ein Konfigurationseintrag mit dem Schlüssel "Log.File" existiert nicht!
[2010-12-09/15:42:36] base | Ein Konfigurationseintrag mit dem Schlüssel "Log.File" existiert nicht!
[2010-12-09/15:42:45] base | Ein Konfigurationseintrag mit dem Schlüssel "Log.File" existiert nicht!
[2010-12-09/15:42:51] base | Ein Konfigurationseintrag mit dem Schlüssel "Log.File" existiert nicht!
[2010-12-09/15:42:53] base | Ein Konfigurationseintrag mit dem Schlüssel "Log.File" existiert nicht!
[2010-12-09/15:45:05] base | Ein Konfigurationseintrag mit dem Schlüssel "Log.File" existiert nicht!
[2010-12-09/15:46:05] base | Ein Konfigurationseintrag mit dem Schlüssel "Log.File" existiert nicht!
[2010-12-09/15:46:58] base | Ein Konfigurationseintrag mit dem Schlüssel "Log.File" existiert nicht!
[2010-12-09/15:47:18] base | Ein Konfigurationseintrag mit dem Schlüssel "Log.File" existiert nicht!
[2010-12-09/15:47:55] base | Ein Konfigurationseintrag mit dem Schlüssel "Log.File" existiert nicht!
[2010-12-09/15:47:57] base | Ein Konfigurationseintrag mit dem Schlüssel "Log.File" existiert nicht!
[2010-12-09/15:47:58] base | Ein Konfigurationseintrag mit dem Schlüssel "Log.File" existiert nicht!
[2010-12-09/15:49:39] base | Ein Konfigurationseintrag mit dem Schlüssel "Log.File" existiert nicht!
[2010-12-09/15:49:41] base | Ein Konfigurationseintrag mit dem Schlüssel "Log.File" existiert nicht!
[2010-12-09/15:49:42] base | Ein Konfigurationseintrag mit dem Schlüssel "Log.File" existiert nicht!
[2010-12-09/15:49:43] base | Ein Konfigurationseintrag mit dem Schlüssel "Log.File" existiert nicht!
[2010-12-09/15:49:45] base | Ein Konfigurationseintrag mit dem Schlüssel "Log.File" existiert nicht!
[2010-12-09/15:49:54] base | Ein Konfigurationseintrag mit dem Schlüssel "Log.File" existiert nicht!
[2010-12-09/15:49:55] base | Ein Konfigurationseintrag mit dem Schlüssel "Log.File" existiert nicht!
[2010-12-09/15:49:56] base | Ein Konfigurationseintrag mit dem Schlüssel "Log.File" existiert nicht!
[2010-12-09/15:49:56] base | Ein Konfigurationseintrag mit dem Schlüssel "Log.File" existiert nicht!
[2010-12-09/15:49:57] base | Ein Konfigurationseintrag mit dem Schlüssel "Log.File" existiert nicht!
[2010-12-09/15:49:57] base | Ein Konfigurationseintrag mit dem Schlüssel "Log.File" existiert nicht!
[2010-12-09/15:49:59] base | Ein Konfigurationseintrag mit dem Schlüssel "Log.File" existiert nicht!
[2010-12-09/15:50:00] base | Ein Konfigurationseintrag mit dem Schlüssel "Log.File" existiert nicht!
[2010-12-09/15:50:04] base | Ein Konfigurationseintrag mit dem Schlüssel "Log.File" existiert nicht!
[2010-12-09/16:04:47] base | Ein Konfigurationseintrag mit dem Schlüssel "Log.File" existiert nicht!
[2010-12-09/16:05:08] base | Ein Konfigurationseintrag mit dem Schlüssel "Log.File" existiert nicht!
[2010-12-09/16:05:10] base | Ein Konfigurationseintrag mit dem Schlüssel "Log.File" existiert nicht!
[2010-12-10/13:50:43] base | Ein Konfigurationseintrag mit dem Schlüssel "Log.File" existiert nicht!
[2010-12-10/13:50:45] base | Ein Konfigurationseintrag mit dem Schlüssel "Log.File" existiert nicht!
[2010-12-10/13:50:46] base | Ein Konfigurationseintrag mit dem Schlüssel "Log.File" existiert nicht!
[2010-12-10/13:50:47] base | Ein Konfigurationseintrag mit dem Schlüssel "Log.File" existiert nicht!
[2010-12-10/13:50:48] base | Ein Konfigurationseintrag mit dem Schlüssel "Log.File" existiert nicht!
[2010-12-10/13:50:49] base | Ein Konfigurationseintrag mit dem Schlüssel "Log.File" existiert nicht!
[2010-12-10/13:50:49] base | Ein Konfigurationseintrag mit dem Schlüssel "Log.File" existiert nicht!
[2010-12-10/13:50:56] base | Ein Konfigurationseintrag mit dem Schlüssel "Log.File" existiert nicht!
[2010-12-10/13:50:57] base | Ein Konfigurationseintrag mit dem Schlüssel "Log.File" existiert nicht!
[2010-12-10/13:50:58] base | Ein Konfigurationseintrag mit dem Schlüssel "Log.File" existiert nicht!
[2010-12-10/13:50:59] base | Ein Konfigurationseintrag mit dem Schlüssel "Log.File" existiert nicht!
[2010-12-10/13:51:02] base | Ein Konfigurationseintrag mit dem Schlüssel "Log.File" existiert nicht!
[2010-12-10/13:51:03] base | Ein Konfigurationseintrag mit dem Schlüssel "Log.File" existiert nicht!
[2010-12-10/13:51:04] base | Ein Konfigurationseintrag mit dem Schlüssel "Log.File" existiert nicht!
[2010-12-10/13:51:10] base | Ein Konfigurationseintrag mit dem Schlüssel "Log.File" existiert nicht!
[2010-12-10/13:51:13] base | Ein Konfigurationseintrag mit dem Schlüssel "Log.File" existiert nicht!
[2010-12-10/13:51:14] base | Ein Konfigurationseintrag mit dem Schlüssel "Log.File" existiert nicht!
[2010-12-10/13:51:16] base | Ein Konfigurationseintrag mit dem Schlüssel "Log.File" existiert nicht!
[2010-12-10/13:51:18] base | Ein Konfigurationseintrag mit dem Schlüssel "Log.File" existiert nicht!
[2010-12-10/13:51:27] base | Ein Konfigurationseintrag mit dem Schlüssel "Log.File" existiert nicht!
[2010-12-10/13:51:32] base | Ein Konfigurationseintrag mit dem Schlüssel "Log.File" existiert nicht!
[2010-12-10/13:51:32] base | Ein Konfigurationseintrag mit dem Schlüssel "Log.File" existiert nicht!
[2010-12-10/13:51:34] base | Ein Konfigurationseintrag mit dem Schlüssel "Log.File" existiert nicht!
[2010-12-10/13:51:35] base | Ein Konfigurationseintrag mit dem Schlüssel "Log.File" existiert nicht!
